<?xml version="1.0" encoding="UTF-8"?>
<!-- Generated by org.testng.reporters.JUnitXMLReporter -->
<testsuite ignored="0" hostname="TABLET-71SJTJMB" failures="0" tests="6" name="Default test" time="21.869" errors="0" timestamp="2023-05-22T21:24:11 PDT">
  <testcase classname="gurudemo.testcases.GuruDemo_HomePageTest" name="varify" time="0.026"/>
  <testcase classname="gurudemo.testcases.GuruDemo_HomePageTest" name="userPassWordTest" time="1.052"/>
  <testcase classname="gurudemo.testcases.GuruDemo_HomePageTest" name="userPassWordTest" time="1.08"/>
  <testcase classname="gurudemo.testcases.GuruDemo_HomePageTest" name="userPassWordTest" time="10.569"/>
  <testcase classname="gurudemo.testcases.GuruDemo_HomePageTest" name="userPassWordTest" time="0.931"/>
  <testcase classname="gurudemo.testcases.GuruDemo_HomePageTest" name="userPassWordTest" time="1.081"/>
</testsuite> <!-- Default test -->
